<?xml version="1.0" encoding="UTF-8"?>
<!-- Generated by org.testng.reporters.JUnitReportReporter -->
<testsuite skipped="0" hostname="Saranya-Laptop" name="qaclickacademy.mavenjava.AppiumTest" tests="2" failures="0" timestamp="2020-08-26T14:35:34 IST" time="0.004" errors="0">
  <testcase name="NativeAppAndroid" time="0.004" classname="qaclickacademy.mavenjava.AppiumTest"/>
  <system-out/>
  <testcase name="IOSApps" time="0.000" classname="qaclickacademy.mavenjava.AppiumTest"/>
  <system-out/>
</testsuite> <!-- qaclickacademy.mavenjava.AppiumTest -->
