<?xml version="1.0" encoding="UTF-8"?>
<!-- Generated by org.testng.reporters.JUnitReportReporter -->
<testsuite skipped="0" hostname="Saranya-Laptop" name="qaclickacademy.mavenjava.RestApiTest" tests="2" failures="0" timestamp="2020-08-26T14:36:31 IST" time="0.000" errors="0">
  <testcase name="DeleteTwitter" time="0.000" classname="qaclickacademy.mavenjava.RestApiTest"/>
  <system-out/>
  <testcase name="PostJira" time="0.000" classname="qaclickacademy.mavenjava.RestApiTest"/>
  <system-out/>
</testsuite> <!-- qaclickacademy.mavenjava.RestApiTest -->
